2024-10-07 11:40:28 0 [Note] Starting MariaDB 10.4.28-MariaDB source revision c8f2e9a5c0ac5905f28b050b7df5a9ffd914b7e7 as process 2268
2024-10-07 11:40:28 0 [Note] InnoDB: Mutexes and rw_locks use Windows interlocked functions
2024-10-07 11:40:28 0 [Note] InnoDB: Uses event mutexes
2024-10-07 11:40:28 0 [Note] InnoDB: Compressed tables use zlib 1.2.12
2024-10-07 11:40:28 0 [Note] InnoDB: Number of pools: 1
2024-10-07 11:40:28 0 [Note] InnoDB: Using SSE2 crc32 instructions
2024-10-07 11:40:28 0 [Note] InnoDB: Initializing buffer pool, total size = 16M, instances = 1, chunk size = 16M
2024-10-07 11:40:28 0 [Note] InnoDB: Completed initialization of buffer pool
2024-10-07 11:40:28 0 [Note] InnoDB: Starting crash recovery from checkpoint LSN=300288
2024-10-07 11:40:28 0 [Note] InnoDB: 128 out of 128 rollback segments are active.
2024-10-07 11:40:28 0 [Note] InnoDB: Removed temporary tablespace data file: "ibtmp1"
2024-10-07 11:40:28 0 [Note] InnoDB: Creating shared tablespace for temporary tables
2024-10-07 11:40:28 0 [Note] InnoDB: Setting file 'C:\PHP\xampp\mysql\data\ibtmp1' size to 12 MB. Physically writing the file full; Please wait ...
2024-10-07 11:40:28 0 [Note] InnoDB: File 'C:\PHP\xampp\mysql\data\ibtmp1' size is now 12 MB.
2024-10-07 11:40:28 0 [Note] InnoDB: Waiting for purge to start
2024-10-07 11:40:28 0 [Note] InnoDB: 10.4.28 started; log sequence number 300297; transaction id 170
2024-10-07 11:40:28 0 [Note] InnoDB: Loading buffer pool(s) from C:\PHP\xampp\mysql\data\ib_buffer_pool
2024-10-07 11:40:28 0 [Note] Plugin 'FEEDBACK' is disabled.
2024-10-07 11:40:28 0 [Note] Server socket created on IP: '::'.
2024-10-08 10:06:15 0 [Note] Starting MariaDB 10.4.28-MariaDB source revision c8f2e9a5c0ac5905f28b050b7df5a9ffd914b7e7 as process 9980
2024-10-08 10:06:15 0 [Note] InnoDB: Mutexes and rw_locks use Windows interlocked functions
2024-10-08 10:06:15 0 [Note] InnoDB: Uses event mutexes
2024-10-08 10:06:15 0 [Note] InnoDB: Compressed tables use zlib 1.2.12
2024-10-08 10:06:15 0 [Note] InnoDB: Number of pools: 1
2024-10-08 10:06:15 0 [Note] InnoDB: Using SSE2 crc32 instructions
2024-10-08 10:06:15 0 [Note] InnoDB: Initializing buffer pool, total size = 16M, instances = 1, chunk size = 16M
2024-10-08 10:06:15 0 [Note] InnoDB: Completed initialization of buffer pool
2024-10-08 10:06:15 0 [Note] InnoDB: Starting crash recovery from checkpoint LSN=300306
2024-10-08 10:06:16 0 [Note] InnoDB: 128 out of 128 rollback segments are active.
2024-10-08 10:06:16 0 [Note] InnoDB: Removed temporary tablespace data file: "ibtmp1"
2024-10-08 10:06:16 0 [Note] InnoDB: Creating shared tablespace for temporary tables
2024-10-08 10:06:16 0 [Note] InnoDB: Setting file 'C:\PHP\xampp\mysql\data\ibtmp1' size to 12 MB. Physically writing the file full; Please wait ...
2024-10-08 10:06:16 0 [Note] InnoDB: File 'C:\PHP\xampp\mysql\data\ibtmp1' size is now 12 MB.
2024-10-08 10:06:16 0 [Note] InnoDB: Waiting for purge to start
2024-10-08 10:06:16 0 [Note] InnoDB: 10.4.28 started; log sequence number 300315; transaction id 170
2024-10-08 10:06:16 0 [Note] InnoDB: Loading buffer pool(s) from C:\PHP\xampp\mysql\data\ib_buffer_pool
2024-10-08 10:06:16 0 [Note] Plugin 'FEEDBACK' is disabled.
2024-10-08 10:06:16 0 [Note] InnoDB: Buffer pool(s) load completed at 241008 10:06:16
2024-10-08 10:06:16 0 [Note] Server socket created on IP: '::'.
2024-10-09  8:42:15 0 [Note] Starting MariaDB 10.4.28-MariaDB source revision c8f2e9a5c0ac5905f28b050b7df5a9ffd914b7e7 as process 12376
2024-10-09  8:42:15 0 [Note] InnoDB: Mutexes and rw_locks use Windows interlocked functions
2024-10-09  8:42:15 0 [Note] InnoDB: Uses event mutexes
2024-10-09  8:42:15 0 [Note] InnoDB: Compressed tables use zlib 1.2.12
2024-10-09  8:42:15 0 [Note] InnoDB: Number of pools: 1
2024-10-09  8:42:15 0 [Note] InnoDB: Using SSE2 crc32 instructions
2024-10-09  8:42:15 0 [Note] InnoDB: Initializing buffer pool, total size = 16M, instances = 1, chunk size = 16M
2024-10-09  8:42:15 0 [Note] InnoDB: Completed initialization of buffer pool
2024-10-09  8:42:15 0 [Note] InnoDB: Starting crash recovery from checkpoint LSN=305346
2024-10-09  8:42:16 0 [Note] InnoDB: 128 out of 128 rollback segments are active.
2024-10-09  8:42:16 0 [Note] InnoDB: Removed temporary tablespace data file: "ibtmp1"
2024-10-09  8:42:16 0 [Note] InnoDB: Creating shared tablespace for temporary tables
2024-10-09  8:42:16 0 [Note] InnoDB: Setting file 'C:\PHP\xampp\mysql\data\ibtmp1' size to 12 MB. Physically writing the file full; Please wait ...
2024-10-09  8:42:16 0 [Note] InnoDB: File 'C:\PHP\xampp\mysql\data\ibtmp1' size is now 12 MB.
2024-10-09  8:42:16 0 [Note] InnoDB: Waiting for purge to start
2024-10-09  8:42:16 0 [Note] InnoDB: 10.4.28 started; log sequence number 305355; transaction id 201
2024-10-09  8:42:16 0 [Note] InnoDB: Loading buffer pool(s) from C:\PHP\xampp\mysql\data\ib_buffer_pool
2024-10-09  8:42:16 0 [Note] Plugin 'FEEDBACK' is disabled.
2024-10-09  8:42:16 0 [Note] InnoDB: Buffer pool(s) load completed at 241009  8:42:16
2024-10-09  8:42:16 0 [Note] Server socket created on IP: '::'.
2024-10-10  8:26:40 0 [Note] Starting MariaDB 10.4.28-MariaDB source revision c8f2e9a5c0ac5905f28b050b7df5a9ffd914b7e7 as process 7876
2024-10-10  8:26:40 0 [Note] InnoDB: Mutexes and rw_locks use Windows interlocked functions
2024-10-10  8:26:40 0 [Note] InnoDB: Uses event mutexes
2024-10-10  8:26:40 0 [Note] InnoDB: Compressed tables use zlib 1.2.12
2024-10-10  8:26:40 0 [Note] InnoDB: Number of pools: 1
2024-10-10  8:26:40 0 [Note] InnoDB: Using SSE2 crc32 instructions
2024-10-10  8:26:40 0 [Note] InnoDB: Initializing buffer pool, total size = 16M, instances = 1, chunk size = 16M
2024-10-10  8:26:40 0 [Note] InnoDB: Completed initialization of buffer pool
2024-10-10  8:26:40 0 [Note] InnoDB: Starting crash recovery from checkpoint LSN=305364
2024-10-10  8:26:40 0 [Note] InnoDB: 128 out of 128 rollback segments are active.
2024-10-10  8:26:40 0 [Note] InnoDB: Removed temporary tablespace data file: "ibtmp1"
2024-10-10  8:26:40 0 [Note] InnoDB: Creating shared tablespace for temporary tables
2024-10-10  8:26:40 0 [Note] InnoDB: Setting file 'C:\PHP\xampp\mysql\data\ibtmp1' size to 12 MB. Physically writing the file full; Please wait ...
2024-10-10  8:26:40 0 [Note] InnoDB: File 'C:\PHP\xampp\mysql\data\ibtmp1' size is now 12 MB.
2024-10-10  8:26:40 0 [Note] InnoDB: Waiting for purge to start
2024-10-10  8:26:40 0 [Note] InnoDB: 10.4.28 started; log sequence number 305373; transaction id 201
2024-10-10  8:26:40 0 [Note] InnoDB: Loading buffer pool(s) from C:\PHP\xampp\mysql\data\ib_buffer_pool
2024-10-10  8:26:40 0 [Note] Plugin 'FEEDBACK' is disabled.
2024-10-10  8:26:40 0 [Note] Server socket created on IP: '::'.
2024-10-11  8:33:07 0 [Note] Starting MariaDB 10.4.28-MariaDB source revision c8f2e9a5c0ac5905f28b050b7df5a9ffd914b7e7 as process 16284
2024-10-11  8:33:07 0 [Note] InnoDB: Mutexes and rw_locks use Windows interlocked functions
2024-10-11  8:33:07 0 [Note] InnoDB: Uses event mutexes
2024-10-11  8:33:07 0 [Note] InnoDB: Compressed tables use zlib 1.2.12
2024-10-11  8:33:07 0 [Note] InnoDB: Number of pools: 1
2024-10-11  8:33:07 0 [Note] InnoDB: Using SSE2 crc32 instructions
2024-10-11  8:33:07 0 [Note] InnoDB: Initializing buffer pool, total size = 16M, instances = 1, chunk size = 16M
2024-10-11  8:33:07 0 [Note] InnoDB: Completed initialization of buffer pool
2024-10-11  8:33:07 0 [Note] InnoDB: Starting crash recovery from checkpoint LSN=459216
2024-10-11  8:33:07 0 [Note] InnoDB: 128 out of 128 rollback segments are active.
2024-10-11  8:33:07 0 [Note] InnoDB: Removed temporary tablespace data file: "ibtmp1"
2024-10-11  8:33:07 0 [Note] InnoDB: Creating shared tablespace for temporary tables
2024-10-11  8:33:07 0 [Note] InnoDB: Setting file 'C:\PHP\xampp\mysql\data\ibtmp1' size to 12 MB. Physically writing the file full; Please wait ...
2024-10-11  8:33:07 0 [Note] InnoDB: File 'C:\PHP\xampp\mysql\data\ibtmp1' size is now 12 MB.
2024-10-11  8:33:07 0 [Note] InnoDB: Waiting for purge to start
2024-10-11  8:33:07 0 [Note] InnoDB: 10.4.28 started; log sequence number 459225; transaction id 602
2024-10-11  8:33:07 0 [Note] InnoDB: Loading buffer pool(s) from C:\PHP\xampp\mysql\data\ib_buffer_pool
2024-10-11  8:33:07 0 [Note] Plugin 'FEEDBACK' is disabled.
2024-10-11  8:33:07 0 [Note] InnoDB: Buffer pool(s) load completed at 241011  8:33:07
2024-10-11  8:33:07 0 [Note] Server socket created on IP: '::'.
2024-10-14  8:36:24 0 [Note] Starting MariaDB 10.4.28-MariaDB source revision c8f2e9a5c0ac5905f28b050b7df5a9ffd914b7e7 as process 16200
2024-10-14  8:36:24 0 [Note] InnoDB: Mutexes and rw_locks use Windows interlocked functions
2024-10-14  8:36:24 0 [Note] InnoDB: Uses event mutexes
2024-10-14  8:36:24 0 [Note] InnoDB: Compressed tables use zlib 1.2.12
2024-10-14  8:36:24 0 [Note] InnoDB: Number of pools: 1
2024-10-14  8:36:24 0 [Note] InnoDB: Using SSE2 crc32 instructions
2024-10-14  8:36:24 0 [Note] InnoDB: Initializing buffer pool, total size = 16M, instances = 1, chunk size = 16M
2024-10-14  8:36:24 0 [Note] InnoDB: Completed initialization of buffer pool
2024-10-14  8:36:24 0 [Note] InnoDB: Starting crash recovery from checkpoint LSN=638265
2024-10-14  8:36:25 0 [Note] InnoDB: 128 out of 128 rollback segments are active.
2024-10-14  8:36:25 0 [Note] InnoDB: Removed temporary tablespace data file: "ibtmp1"
2024-10-14  8:36:25 0 [Note] InnoDB: Creating shared tablespace for temporary tables
2024-10-14  8:36:25 0 [Note] InnoDB: Setting file 'C:\PHP\xampp\mysql\data\ibtmp1' size to 12 MB. Physically writing the file full; Please wait ...
2024-10-14  8:36:25 0 [Note] InnoDB: File 'C:\PHP\xampp\mysql\data\ibtmp1' size is now 12 MB.
2024-10-14  8:36:25 0 [Note] InnoDB: Waiting for purge to start
2024-10-14  8:36:25 0 [Note] InnoDB: 10.4.28 started; log sequence number 638274; transaction id 1147
2024-10-14  8:36:25 0 [Note] InnoDB: Loading buffer pool(s) from C:\PHP\xampp\mysql\data\ib_buffer_pool
2024-10-14  8:36:25 0 [Note] Plugin 'FEEDBACK' is disabled.
2024-10-14  8:36:25 0 [Note] InnoDB: Buffer pool(s) load completed at 241014  8:36:25
2024-10-14  8:36:25 0 [Note] Server socket created on IP: '::'.
2024-10-14 15:33:01 0 [Note] Starting MariaDB 10.4.28-MariaDB source revision c8f2e9a5c0ac5905f28b050b7df5a9ffd914b7e7 as process 16100
2024-10-14 15:33:01 0 [Note] mysqld.exe: Aria engine: starting recovery
recovered pages: 0% 100% (0.0 seconds); 
2024-10-14 15:33:01 0 [Note] mysqld.exe: Aria engine: recovery done
2024-10-14 15:33:01 0 [Note] InnoDB: Mutexes and rw_locks use Windows interlocked functions
2024-10-14 15:33:01 0 [Note] InnoDB: Uses event mutexes
2024-10-14 15:33:01 0 [Note] InnoDB: Compressed tables use zlib 1.2.12
2024-10-14 15:33:01 0 [Note] InnoDB: Number of pools: 1
2024-10-14 15:33:01 0 [Note] InnoDB: Using SSE2 crc32 instructions
2024-10-14 15:33:01 0 [Note] InnoDB: Initializing buffer pool, total size = 16M, instances = 1, chunk size = 16M
2024-10-14 15:33:01 0 [Note] InnoDB: Completed initialization of buffer pool
2024-10-14 15:33:01 0 [Note] InnoDB: Starting crash recovery from checkpoint LSN=687977
2024-10-14 15:33:01 0 [Note] InnoDB: 128 out of 128 rollback segments are active.
2024-10-14 15:33:01 0 [Note] InnoDB: Removed temporary tablespace data file: "ibtmp1"
2024-10-14 15:33:01 0 [Note] InnoDB: Creating shared tablespace for temporary tables
2024-10-14 15:33:01 0 [Note] InnoDB: Setting file 'C:\PHP\xampp\mysql\data\ibtmp1' size to 12 MB. Physically writing the file full; Please wait ...
2024-10-14 15:33:01 0 [Note] InnoDB: File 'C:\PHP\xampp\mysql\data\ibtmp1' size is now 12 MB.
2024-10-14 15:33:01 0 [Note] InnoDB: Waiting for purge to start
2024-10-14 15:33:01 0 [Note] InnoDB: 10.4.28 started; log sequence number 687986; transaction id 1294
2024-10-14 15:33:01 0 [Note] InnoDB: Loading buffer pool(s) from C:\PHP\xampp\mysql\data\ib_buffer_pool
2024-10-14 15:33:01 0 [Note] Plugin 'FEEDBACK' is disabled.
2024-10-14 15:33:01 0 [Note] InnoDB: Buffer pool(s) load completed at 241014 15:33:01
2024-10-14 15:33:01 0 [Note] Server socket created on IP: '::'.
2024-10-15  8:22:27 0 [Note] Starting MariaDB 10.4.28-MariaDB source revision c8f2e9a5c0ac5905f28b050b7df5a9ffd914b7e7 as process 6000
2024-10-15  8:22:28 0 [Note] InnoDB: Mutexes and rw_locks use Windows interlocked functions
2024-10-15  8:22:28 0 [Note] InnoDB: Uses event mutexes
2024-10-15  8:22:28 0 [Note] InnoDB: Compressed tables use zlib 1.2.12
2024-10-15  8:22:28 0 [Note] InnoDB: Number of pools: 1
2024-10-15  8:22:28 0 [Note] InnoDB: Using SSE2 crc32 instructions
2024-10-15  8:22:28 0 [Note] InnoDB: Initializing buffer pool, total size = 16M, instances = 1, chunk size = 16M
2024-10-15  8:22:28 0 [Note] InnoDB: Completed initialization of buffer pool
2024-10-15  8:22:28 0 [Note] InnoDB: Starting crash recovery from checkpoint LSN=689051
2024-10-15  8:22:28 0 [Note] InnoDB: 128 out of 128 rollback segments are active.
2024-10-15  8:22:28 0 [Note] InnoDB: Removed temporary tablespace data file: "ibtmp1"
2024-10-15  8:22:28 0 [Note] InnoDB: Creating shared tablespace for temporary tables
2024-10-15  8:22:28 0 [Note] InnoDB: Setting file 'C:\PHP\xampp\mysql\data\ibtmp1' size to 12 MB. Physically writing the file full; Please wait ...
2024-10-15  8:22:28 0 [Note] InnoDB: File 'C:\PHP\xampp\mysql\data\ibtmp1' size is now 12 MB.
2024-10-15  8:22:28 0 [Note] InnoDB: Waiting for purge to start
2024-10-15  8:22:28 0 [Note] InnoDB: 10.4.28 started; log sequence number 689060; transaction id 1323
2024-10-15  8:22:28 0 [Note] InnoDB: Loading buffer pool(s) from C:\PHP\xampp\mysql\data\ib_buffer_pool
2024-10-15  8:22:28 0 [Note] Plugin 'FEEDBACK' is disabled.
2024-10-15  8:22:28 0 [Note] Server socket created on IP: '::'.
2024-10-16  8:26:38 0 [Note] Starting MariaDB 10.4.28-MariaDB source revision c8f2e9a5c0ac5905f28b050b7df5a9ffd914b7e7 as process 1476
2024-10-16  8:26:38 0 [Note] InnoDB: Mutexes and rw_locks use Windows interlocked functions
2024-10-16  8:26:38 0 [Note] InnoDB: Uses event mutexes
2024-10-16  8:26:38 0 [Note] InnoDB: Compressed tables use zlib 1.2.12
2024-10-16  8:26:38 0 [Note] InnoDB: Number of pools: 1
2024-10-16  8:26:38 0 [Note] InnoDB: Using SSE2 crc32 instructions
2024-10-16  8:26:38 0 [Note] InnoDB: Initializing buffer pool, total size = 16M, instances = 1, chunk size = 16M
2024-10-16  8:26:38 0 [Note] InnoDB: Completed initialization of buffer pool
2024-10-16  8:26:38 0 [Note] InnoDB: Starting crash recovery from checkpoint LSN=709447
2024-10-16  8:26:38 0 [Note] InnoDB: 128 out of 128 rollback segments are active.
2024-10-16  8:26:38 0 [Note] InnoDB: Removed temporary tablespace data file: "ibtmp1"
2024-10-16  8:26:38 0 [Note] InnoDB: Creating shared tablespace for temporary tables
2024-10-16  8:26:38 0 [Note] InnoDB: Setting file 'C:\PHP\xampp\mysql\data\ibtmp1' size to 12 MB. Physically writing the file full; Please wait ...
2024-10-16  8:26:38 0 [Note] InnoDB: File 'C:\PHP\xampp\mysql\data\ibtmp1' size is now 12 MB.
2024-10-16  8:26:38 0 [Note] InnoDB: Waiting for purge to start
2024-10-16  8:26:39 0 [Note] InnoDB: 10.4.28 started; log sequence number 709456; transaction id 1425
2024-10-16  8:26:39 0 [Note] InnoDB: Loading buffer pool(s) from C:\PHP\xampp\mysql\data\ib_buffer_pool
2024-10-16  8:26:39 0 [Note] Plugin 'FEEDBACK' is disabled.
2024-10-16  8:26:39 0 [Note] InnoDB: Buffer pool(s) load completed at 241016  8:26:39
2024-10-16  8:26:39 0 [Note] Server socket created on IP: '::'.
